<?xml version="1.0" encoding="UTF-8"?>
<!-- Generated by org.testng.reporters.JUnitXMLReporter -->
<testsuite ignored="1" hostname="DESKTOP-U8RHF1U" failures="1" tests="11" name="ChromeTest" time="80.141" errors="0" timestamp="2024-01-03T02:34:20 GMT-05:00">
  <testcase classname="crossbrowser.CrossBrowserTest" name="CINCHCCMlogin" time="32.169"/>
  <testcase classname="crossbrowser.CrossBrowserTest" name="click_on_the_login_button" time="5.261"/>
  <testcase classname="crossbrowser.CrossBrowserTest" name="Verify_the_Continue_Button" time="13.132"/>
  <testcase classname="crossbrowser.CrossBrowserTest" name="click_on_the_manage" time="6.068"/>
  <testcase classname="crossbrowser.CrossBrowserTest" name="click_on_the_add_new_community_note" time="5.069"/>
  <testcase classname="crossbrowser.CrossBrowserTest" name="enter_the_note" time="2.07"/>
  <testcase classname="crossbrowser.CrossBrowserTest" name="select_communities" time="0.209"/>
  <testcase classname="crossbrowser.CrossBrowserTest" name="choose_a_start_date" time="3.155"/>
  <testcase classname="crossbrowser.CrossBrowserTest" name="choose_an_end_date" time="6.307"/>
  <testcase classname="crossbrowser.CrossBrowserTest" name="click_on_the_save_button" time="5.126"/>
  <testcase classname="crossbrowser.CrossBrowserTest" name="community_note_was_created_message_should_be_shown" time="0.036">
    <failure type="java.lang.AssertionError" message="Community Note was created. expected [Community Note was created.] but found [Community note]">
      <![CDATA[java.lang.AssertionError: Community Note was created. expected [Community Note was created.] but found [Community note]
at crossbrowser.CrossBrowserTest.community_note_was_created_message_should_be_shown(CrossBrowserTest.java:223)
at java.base/java.util.ArrayList.forEach(ArrayList.java:1511)
at java.base/java.util.concurrent.FutureTask.run(FutureTask.java:264)
at java.base/java.util.concurrent.ThreadPoolExecutor.runWorker(ThreadPoolExecutor.java:1136)
at java.base/java.util.concurrent.ThreadPoolExecutor$Worker.run(ThreadPoolExecutor.java:635)
at java.base/java.lang.Thread.run(Thread.java:833)
... Removed 22 stack frames]]>
    </failure>
  </testcase> <!-- community_note_was_created_message_should_be_shown -->
  <testcase classname="crossbrowser.CrossBrowserTest" name="Verify_the_Dropdown_and_select_the_Test_Community" time="0.0">
    <ignored/>
  </testcase> <!-- Verify_the_Dropdown_and_select_the_Test_Community -->
</testsuite> <!-- ChromeTest -->
