<?xml version="1.0" encoding="UTF-8"?>
<!-- Generated by org.testng.reporters.JUnitXMLReporter -->
<testsuite ignored="1" hostname="DESKTOP-U8RHF1U" failures="1" tests="11" name="EdgeTest" time="82.535" errors="0" timestamp="2024-01-03T02:34:23 GMT-05:00">
  <testcase classname="crossbrowser.CrossBrowserTest" name="CINCHCCMlogin" time="38.427"/>
  <testcase classname="crossbrowser.CrossBrowserTest" name="click_on_the_login_button" time="5.154"/>
  <testcase classname="crossbrowser.CrossBrowserTest" name="Verify_the_Continue_Button" time="13.107"/>
  <testcase classname="crossbrowser.CrossBrowserTest" name="click_on_the_manage" time="6.092"/>
  <testcase classname="crossbrowser.CrossBrowserTest" name="click_on_the_add_new_community_note" time="5.093"/>
  <testcase classname="crossbrowser.CrossBrowserTest" name="enter_the_note" time="2.104"/>
  <testcase classname="crossbrowser.CrossBrowserTest" name="select_communities" time="0.199"/>
  <testcase classname="crossbrowser.CrossBrowserTest" name="choose_a_start_date" time="3.133"/>
  <testcase classname="crossbrowser.CrossBrowserTest" name="choose_an_end_date" time="1.117">
    <failure type="org.openqa.selenium.ElementClickInterceptedException" message="element click intercepted: Element is not clickable at point (505, -50)
  (Session info: MicrosoftEdge=120.0.2210.91)
Build info: version: &amp;apos;4.16.0&amp;apos;, revision: &amp;apos;15400459dd*&amp;apos;
System info: os.name: &amp;apos;Windows 11&amp;apos;, os.arch: &amp;apos;amd64&amp;apos;, os.version: &amp;apos;10.0&amp;apos;, java.version: &amp;apos;17.0.7&amp;apos;
Driver info: org.openqa.selenium.edge.EdgeDriver
Command: [c5dc1585f536eecfc6efc9facb357c10, clickElement {id=F581450699DB4618DB30D433C338E216_element_67}]
Capabilities {acceptInsecureCerts: false, browserName: MicrosoftEdge, browserVersion: 120.0.2210.91, fedcm:accounts: true, ms:edgeOptions: {debuggerAddress: localhost:61154}, msedge: {msedgedriverVersion: 120.0.2210.91 (f469d579f138..., userDataDir: C:\Users\ANOOPK~1\AppData\L...}, networkConnectionEnabled: false, pageLoadStrategy: normal, platformName: windows, proxy: Proxy(), se:cdp: ws://localhost:61154/devtoo..., se:cdpVersion: 120.0.2210.91, setWindowRect: true, strictFileInteractability: false, timeouts: {implicit: 0, pageLoad: 300000, script: 30000}, unhandledPromptBehavior: dismiss and notify, webauthn:extension:credBlob: true, webauthn:extension:largeBlob: true, webauthn:extension:minPinLength: true, webauthn:extension:prf: true, webauthn:virtualAuthenticators: true}
Element: [[EdgeDriver: MicrosoftEdge on windows (c5dc1585f536eecfc6efc9facb357c10)] -&amp;gt; xpath: //input[@id=&amp;apos;enddate&amp;apos;]]
Session ID: c5dc1585f536eecfc6efc9facb357c10">
      <![CDATA[org.openqa.selenium.ElementClickInterceptedException: element click intercepted: Element is not clickable at point (505, -50)
  (Session info: MicrosoftEdge=120.0.2210.91)
Build info: version: '4.16.0', revision: '15400459dd*'
System info: os.name: 'Windows 11', os.arch: 'amd64', os.version: '10.0', java.version: '17.0.7'
Driver info: org.openqa.selenium.edge.EdgeDriver
Command: [c5dc1585f536eecfc6efc9facb357c10, clickElement {id=F581450699DB4618DB30D433C338E216_element_67}]
Capabilities {acceptInsecureCerts: false, browserName: MicrosoftEdge, browserVersion: 120.0.2210.91, fedcm:accounts: true, ms:edgeOptions: {debuggerAddress: localhost:61154}, msedge: {msedgedriverVersion: 120.0.2210.91 (f469d579f138..., userDataDir: C:\Users\ANOOPK~1\AppData\L...}, networkConnectionEnabled: false, pageLoadStrategy: normal, platformName: windows, proxy: Proxy(), se:cdp: ws://localhost:61154/devtoo..., se:cdpVersion: 120.0.2210.91, setWindowRect: true, strictFileInteractability: false, timeouts: {implicit: 0, pageLoad: 300000, script: 30000}, unhandledPromptBehavior: dismiss and notify, webauthn:extension:credBlob: true, webauthn:extension:largeBlob: true, webauthn:extension:minPinLength: true, webauthn:extension:prf: true, webauthn:virtualAuthenticators: true}
Element: [[EdgeDriver: MicrosoftEdge on windows (c5dc1585f536eecfc6efc9facb357c10)] -> xpath: //input[@id='enddate']]
Session ID: c5dc1585f536eecfc6efc9facb357c10
at org.openqa.selenium.remote.codec.w3c.W3CHttpResponseCodec.createException(W3CHttpResponseCodec.java:200)
at org.openqa.selenium.remote.codec.w3c.W3CHttpResponseCodec.decode(W3CHttpResponseCodec.java:133)
at org.openqa.selenium.remote.codec.w3c.W3CHttpResponseCodec.decode(W3CHttpResponseCodec.java:52)
at org.openqa.selenium.remote.HttpCommandExecutor.execute(HttpCommandExecutor.java:191)
at org.openqa.selenium.remote.service.DriverCommandExecutor.invokeExecute(DriverCommandExecutor.java:200)
at org.openqa.selenium.remote.service.DriverCommandExecutor.execute(DriverCommandExecutor.java:175)
at org.openqa.selenium.remote.RemoteWebDriver.execute(RemoteWebDriver.java:523)
at org.openqa.selenium.remote.RemoteWebElement.execute(RemoteWebElement.java:224)
at org.openqa.selenium.remote.RemoteWebElement.click(RemoteWebElement.java:77)
at crossbrowser.CrossBrowserTest.choose_an_end_date(CrossBrowserTest.java:185)
at java.base/java.util.ArrayList.forEach(ArrayList.java:1511)
at java.base/java.util.concurrent.FutureTask.run(FutureTask.java:264)
at java.base/java.util.concurrent.ThreadPoolExecutor.runWorker(ThreadPoolExecutor.java:1136)
at java.base/java.util.concurrent.ThreadPoolExecutor$Worker.run(ThreadPoolExecutor.java:635)
at java.base/java.lang.Thread.run(Thread.java:833)
... Removed 22 stack frames]]>
    </failure>
  </testcase> <!-- choose_an_end_date -->
  <testcase classname="crossbrowser.CrossBrowserTest" name="click_on_the_save_button" time="5.099"/>
  <testcase classname="crossbrowser.CrossBrowserTest" name="community_note_was_created_message_should_be_shown" time="0.022"/>
  <testcase classname="crossbrowser.CrossBrowserTest" name="Verify_the_Dropdown_and_select_the_Test_Community" time="0.0">
    <ignored/>
  </testcase> <!-- Verify_the_Dropdown_and_select_the_Test_Community -->
</testsuite> <!-- EdgeTest -->
