<?xml version="1.0" encoding="UTF-8"?>
<testng-results ignored="3" total="36" passed="31" failed="2" skipped="0">
  <reporter-output>
  </reporter-output>
  <suite started-at="2024-01-03T02:33:00 GMT-05:00" name="Suite" finished-at="2024-01-03T02:34:23 GMT-05:00" duration-ms="82535">
    <groups>
    </groups>
    <test started-at="2024-01-03T02:33:00 GMT-05:00" name="FireFoxTest" finished-at="2024-01-03T02:34:12 GMT-05:00" duration-ms="71656">
      <class name="crossbrowser.CrossBrowserTest">
        <test-method is-config="true" signature="initialize(java.lang.String)[pri:0, instance:crossbrowser.CrossBrowserTest@1807e3f6]" started-at="2024-01-03T02:33:00 GMT-05:00" name="initialize" finished-at="2024-01-03T02:33:03 GMT-05:00" duration-ms="2713" status="PASS">
          <params>
            <param index="0">
              <value>
                <![CDATA[firefox]]>
              </value>
            </param>
          </params>
          <reporter-output>
          </reporter-output>
        </test-method> <!-- initialize -->
        <test-method signature="CINCHCCMlogin()[pri:0, instance:crossbrowser.CrossBrowserTest@1807e3f6]" started-at="2024-01-03T02:33:03 GMT-05:00" name="CINCHCCMlogin" description="Verify the login functionality" finished-at="2024-01-03T02:33:28 GMT-05:00" duration-ms="25655" status="PASS">
          <reporter-output>
          </reporter-output>
        </test-method> <!-- CINCHCCMlogin -->
        <test-method signature="click_on_the_login_button()[pri:1, instance:crossbrowser.CrossBrowserTest@1807e3f6]" started-at="2024-01-03T02:33:28 GMT-05:00" name="click_on_the_login_button" description="Verify the login button" finished-at="2024-01-03T02:33:34 GMT-05:00" duration-ms="5412" status="PASS">
          <reporter-output>
          </reporter-output>
        </test-method> <!-- click_on_the_login_button -->
        <test-method signature="Verify_the_Continue_Button()[pri:3, instance:crossbrowser.CrossBrowserTest@1807e3f6]" started-at="2024-01-03T02:33:34 GMT-05:00" name="Verify_the_Continue_Button" description="verify the continue button" finished-at="2024-01-03T02:33:47 GMT-05:00" duration-ms="13292" status="PASS">
          <reporter-output>
          </reporter-output>
        </test-method> <!-- Verify_the_Continue_Button -->
        <test-method signature="click_on_the_manage()[pri:4, instance:crossbrowser.CrossBrowserTest@1807e3f6]" started-at="2024-01-03T02:33:47 GMT-05:00" name="click_on_the_manage" description="verify that manage button" finished-at="2024-01-03T02:33:53 GMT-05:00" duration-ms="6260" status="PASS">
          <reporter-output>
          </reporter-output>
        </test-method> <!-- click_on_the_manage -->
        <test-method signature="click_on_the_add_new_community_note()[pri:5, instance:crossbrowser.CrossBrowserTest@1807e3f6]" started-at="2024-01-03T02:33:53 GMT-05:00" name="click_on_the_add_new_community_note" description="verify the community note" finished-at="2024-01-03T02:33:59 GMT-05:00" duration-ms="5246" status="PASS">
          <reporter-output>
          </reporter-output>
        </test-method> <!-- click_on_the_add_new_community_note -->
        <test-method signature="enter_the_note()[pri:6, instance:crossbrowser.CrossBrowserTest@1807e3f6]" started-at="2024-01-03T02:33:59 GMT-05:00" name="enter_the_note" description="verify the note textfield" finished-at="2024-01-03T02:34:01 GMT-05:00" duration-ms="2033" status="PASS">
          <reporter-output>
          </reporter-output>
        </test-method> <!-- enter_the_note -->
        <test-method signature="select_communities()[pri:7, instance:crossbrowser.CrossBrowserTest@1807e3f6]" started-at="2024-01-03T02:34:01 GMT-05:00" name="select_communities" description="verify the communities dropdown" finished-at="2024-01-03T02:34:01 GMT-05:00" duration-ms="410" status="PASS">
          <reporter-output>
          </reporter-output>
        </test-method> <!-- select_communities -->
        <test-method signature="choose_a_start_date()[pri:8, instance:crossbrowser.CrossBrowserTest@1807e3f6]" started-at="2024-01-03T02:34:01 GMT-05:00" name="choose_a_start_date" description="verify the start date" finished-at="2024-01-03T02:34:04 GMT-05:00" duration-ms="3083" status="PASS">
          <reporter-output>
          </reporter-output>
        </test-method> <!-- choose_a_start_date -->
        <test-method signature="choose_an_end_date()[pri:9, instance:crossbrowser.CrossBrowserTest@1807e3f6]" started-at="2024-01-03T02:34:04 GMT-05:00" name="choose_an_end_date" description="verify an end date" finished-at="2024-01-03T02:34:11 GMT-05:00" duration-ms="6339" status="PASS">
          <reporter-output>
          </reporter-output>
        </test-method> <!-- choose_an_end_date -->
        <test-method signature="click_on_the_save_button()[pri:10, instance:crossbrowser.CrossBrowserTest@1807e3f6]" started-at="2024-01-03T02:34:11 GMT-05:00" name="click_on_the_save_button" description="verify the save button" finished-at="2024-01-03T02:34:11 GMT-05:00" duration-ms="13" status="PASS">
          <reporter-output>
          </reporter-output>
        </test-method> <!-- click_on_the_save_button -->
        <test-method signature="community_note_was_created_message_should_be_shown()[pri:11, instance:crossbrowser.CrossBrowserTest@1807e3f6]" started-at="2024-01-03T02:34:11 GMT-05:00" name="community_note_was_created_message_should_be_shown" description="validation message should be shown" finished-at="2024-01-03T02:34:11 GMT-05:00" duration-ms="7" status="PASS">
          <reporter-output>
          </reporter-output>
        </test-method> <!-- community_note_was_created_message_should_be_shown -->
        <test-method is-config="true" signature="endTest()[pri:0, instance:crossbrowser.CrossBrowserTest@1807e3f6]" started-at="2024-01-03T02:34:11 GMT-05:00" name="endTest" finished-at="2024-01-03T02:34:12 GMT-05:00" duration-ms="1156" status="PASS">
          <reporter-output>
          </reporter-output>
        </test-method> <!-- endTest -->
      </class> <!-- crossbrowser.CrossBrowserTest -->
    </test> <!-- FireFoxTest -->
    <test started-at="2024-01-03T02:33:00 GMT-05:00" name="ChromeTest" finished-at="2024-01-03T02:34:20 GMT-05:00" duration-ms="80141">
      <class name="crossbrowser.CrossBrowserTest">
        <test-method is-config="true" signature="initialize(java.lang.String)[pri:0, instance:crossbrowser.CrossBrowserTest@4082ba93]" started-at="2024-01-03T02:33:00 GMT-05:00" name="initialize" finished-at="2024-01-03T02:33:01 GMT-05:00" duration-ms="1319" status="PASS">
          <params>
            <param index="0">
              <value>
                <![CDATA[chrome]]>
              </value>
            </param>
          </params>
          <reporter-output>
          </reporter-output>
        </test-method> <!-- initialize -->
        <test-method signature="CINCHCCMlogin()[pri:0, instance:crossbrowser.CrossBrowserTest@4082ba93]" started-at="2024-01-03T02:33:01 GMT-05:00" name="CINCHCCMlogin" description="Verify the login functionality" finished-at="2024-01-03T02:33:34 GMT-05:00" duration-ms="32169" status="PASS">
          <reporter-output>
          </reporter-output>
        </test-method> <!-- CINCHCCMlogin -->
        <test-method signature="click_on_the_login_button()[pri:1, instance:crossbrowser.CrossBrowserTest@4082ba93]" started-at="2024-01-03T02:33:34 GMT-05:00" name="click_on_the_login_button" description="Verify the login button" finished-at="2024-01-03T02:33:39 GMT-05:00" duration-ms="5261" status="PASS">
          <reporter-output>
          </reporter-output>
        </test-method> <!-- click_on_the_login_button -->
        <test-method signature="Verify_the_Continue_Button()[pri:3, instance:crossbrowser.CrossBrowserTest@4082ba93]" started-at="2024-01-03T02:33:39 GMT-05:00" name="Verify_the_Continue_Button" description="verify the continue button" finished-at="2024-01-03T02:33:52 GMT-05:00" duration-ms="13132" status="PASS">
          <reporter-output>
          </reporter-output>
        </test-method> <!-- Verify_the_Continue_Button -->
        <test-method signature="click_on_the_manage()[pri:4, instance:crossbrowser.CrossBrowserTest@4082ba93]" started-at="2024-01-03T02:33:52 GMT-05:00" name="click_on_the_manage" description="verify that manage button" finished-at="2024-01-03T02:33:58 GMT-05:00" duration-ms="6068" status="PASS">
          <reporter-output>
          </reporter-output>
        </test-method> <!-- click_on_the_manage -->
        <test-method signature="click_on_the_add_new_community_note()[pri:5, instance:crossbrowser.CrossBrowserTest@4082ba93]" started-at="2024-01-03T02:33:58 GMT-05:00" name="click_on_the_add_new_community_note" description="verify the community note" finished-at="2024-01-03T02:34:03 GMT-05:00" duration-ms="5069" status="PASS">
          <reporter-output>
          </reporter-output>
        </test-method> <!-- click_on_the_add_new_community_note -->
        <test-method signature="enter_the_note()[pri:6, instance:crossbrowser.CrossBrowserTest@4082ba93]" started-at="2024-01-03T02:34:03 GMT-05:00" name="enter_the_note" description="verify the note textfield" finished-at="2024-01-03T02:34:05 GMT-05:00" duration-ms="2070" status="PASS">
          <reporter-output>
          </reporter-output>
        </test-method> <!-- enter_the_note -->
        <test-method signature="select_communities()[pri:7, instance:crossbrowser.CrossBrowserTest@4082ba93]" started-at="2024-01-03T02:34:05 GMT-05:00" name="select_communities" description="verify the communities dropdown" finished-at="2024-01-03T02:34:05 GMT-05:00" duration-ms="209" status="PASS">
          <reporter-output>
          </reporter-output>
        </test-method> <!-- select_communities -->
        <test-method signature="choose_a_start_date()[pri:8, instance:crossbrowser.CrossBrowserTest@4082ba93]" started-at="2024-01-03T02:34:05 GMT-05:00" name="choose_a_start_date" description="verify the start date" finished-at="2024-01-03T02:34:09 GMT-05:00" duration-ms="3155" status="PASS">
          <reporter-output>
          </reporter-output>
        </test-method> <!-- choose_a_start_date -->
        <test-method signature="choose_an_end_date()[pri:9, instance:crossbrowser.CrossBrowserTest@4082ba93]" started-at="2024-01-03T02:34:09 GMT-05:00" name="choose_an_end_date" description="verify an end date" finished-at="2024-01-03T02:34:15 GMT-05:00" duration-ms="6307" status="PASS">
          <reporter-output>
          </reporter-output>
        </test-method> <!-- choose_an_end_date -->
        <test-method signature="click_on_the_save_button()[pri:10, instance:crossbrowser.CrossBrowserTest@4082ba93]" started-at="2024-01-03T02:34:15 GMT-05:00" name="click_on_the_save_button" description="verify the save button" finished-at="2024-01-03T02:34:20 GMT-05:00" duration-ms="5126" status="PASS">
          <reporter-output>
          </reporter-output>
        </test-method> <!-- click_on_the_save_button -->
        <test-method signature="community_note_was_created_message_should_be_shown()[pri:11, instance:crossbrowser.CrossBrowserTest@4082ba93]" started-at="2024-01-03T02:34:20 GMT-05:00" name="community_note_was_created_message_should_be_shown" description="validation message should be shown" finished-at="2024-01-03T02:34:20 GMT-05:00" duration-ms="36" status="FAIL">
          <exception class="java.lang.AssertionError">
            <message>
              <![CDATA[Community Note was created. expected [Community Note was created.] but found [Community note]]]>
            </message>
            <full-stacktrace>
              <![CDATA[java.lang.AssertionError: Community Note was created. expected [Community Note was created.] but found [Community note]
at org.testng.Assert.fail(Assert.java:110)
at org.testng.Assert.failNotEquals(Assert.java:1577)
at org.testng.Assert.assertEqualsImpl(Assert.java:149)
at org.testng.Assert.assertEquals(Assert.java:131)
at org.testng.Assert.assertEquals(Assert.java:655)
at crossbrowser.CrossBrowserTest.community_note_was_created_message_should_be_shown(CrossBrowserTest.java:223)
at java.base/jdk.internal.reflect.NativeMethodAccessorImpl.invoke0(Native Method)
at java.base/jdk.internal.reflect.NativeMethodAccessorImpl.invoke(NativeMethodAccessorImpl.java:77)
at java.base/jdk.internal.reflect.DelegatingMethodAccessorImpl.invoke(DelegatingMethodAccessorImpl.java:43)
at java.base/java.lang.reflect.Method.invoke(Method.java:568)
at org.testng.internal.invokers.MethodInvocationHelper.invokeMethod(MethodInvocationHelper.java:139)
at org.testng.internal.invokers.TestInvoker.invokeMethod(TestInvoker.java:677)
at org.testng.internal.invokers.TestInvoker.invokeTestMethod(TestInvoker.java:221)
at org.testng.internal.invokers.MethodRunner.runInSequence(MethodRunner.java:50)
at org.testng.internal.invokers.TestInvoker$MethodInvocationAgent.invoke(TestInvoker.java:969)
at org.testng.internal.invokers.TestInvoker.invokeTestMethods(TestInvoker.java:194)
at org.testng.internal.invokers.TestMethodWorker.invokeTestMethods(TestMethodWorker.java:148)
at org.testng.internal.invokers.TestMethodWorker.run(TestMethodWorker.java:128)
at java.base/java.util.ArrayList.forEach(ArrayList.java:1511)
at org.testng.TestRunner.privateRun(TestRunner.java:829)
at org.testng.TestRunner.run(TestRunner.java:602)
at org.testng.SuiteRunner.runTest(SuiteRunner.java:437)
at org.testng.SuiteRunner$SuiteWorker.run(SuiteRunner.java:475)
at org.testng.internal.thread.ThreadUtil.lambda$execute$0(ThreadUtil.java:58)
at java.base/java.util.concurrent.FutureTask.run(FutureTask.java:264)
at java.base/java.util.concurrent.ThreadPoolExecutor.runWorker(ThreadPoolExecutor.java:1136)
at java.base/java.util.concurrent.ThreadPoolExecutor$Worker.run(ThreadPoolExecutor.java:635)
at java.base/java.lang.Thread.run(Thread.java:833)
]]>
            </full-stacktrace>
          </exception> <!-- java.lang.AssertionError -->
          <reporter-output>
          </reporter-output>
        </test-method> <!-- community_note_was_created_message_should_be_shown -->
        <test-method is-config="true" signature="endTest()[pri:0, instance:crossbrowser.CrossBrowserTest@4082ba93]" started-at="2024-01-03T02:34:20 GMT-05:00" name="endTest" finished-at="2024-01-03T02:34:20 GMT-05:00" duration-ms="168" status="PASS">
          <reporter-output>
          </reporter-output>
        </test-method> <!-- endTest -->
      </class> <!-- crossbrowser.CrossBrowserTest -->
    </test> <!-- ChromeTest -->
    <test started-at="2024-01-03T02:33:00 GMT-05:00" name="EdgeTest" finished-at="2024-01-03T02:34:23 GMT-05:00" duration-ms="82535">
      <class name="crossbrowser.CrossBrowserTest">
        <test-method is-config="true" signature="initialize(java.lang.String)[pri:0, instance:crossbrowser.CrossBrowserTest@194fad1]" started-at="2024-01-03T02:33:00 GMT-05:00" name="initialize" finished-at="2024-01-03T02:33:03 GMT-05:00" duration-ms="2725" status="PASS">
          <params>
            <param index="0">
              <value>
                <![CDATA[edge]]>
              </value>
            </param>
          </params>
          <reporter-output>
          </reporter-output>
        </test-method> <!-- initialize -->
        <test-method signature="CINCHCCMlogin()[pri:0, instance:crossbrowser.CrossBrowserTest@194fad1]" started-at="2024-01-03T02:33:03 GMT-05:00" name="CINCHCCMlogin" description="Verify the login functionality" finished-at="2024-01-03T02:33:41 GMT-05:00" duration-ms="38427" status="PASS">
          <reporter-output>
          </reporter-output>
        </test-method> <!-- CINCHCCMlogin -->
        <test-method signature="click_on_the_login_button()[pri:1, instance:crossbrowser.CrossBrowserTest@194fad1]" started-at="2024-01-03T02:33:41 GMT-05:00" name="click_on_the_login_button" description="Verify the login button" finished-at="2024-01-03T02:33:46 GMT-05:00" duration-ms="5154" status="PASS">
          <reporter-output>
          </reporter-output>
        </test-method> <!-- click_on_the_login_button -->
        <test-method signature="Verify_the_Continue_Button()[pri:3, instance:crossbrowser.CrossBrowserTest@194fad1]" started-at="2024-01-03T02:33:46 GMT-05:00" name="Verify_the_Continue_Button" description="verify the continue button" finished-at="2024-01-03T02:34:00 GMT-05:00" duration-ms="13107" status="PASS">
          <reporter-output>
          </reporter-output>
        </test-method> <!-- Verify_the_Continue_Button -->
        <test-method signature="click_on_the_manage()[pri:4, instance:crossbrowser.CrossBrowserTest@194fad1]" started-at="2024-01-03T02:34:00 GMT-05:00" name="click_on_the_manage" description="verify that manage button" finished-at="2024-01-03T02:34:06 GMT-05:00" duration-ms="6092" status="PASS">
          <reporter-output>
          </reporter-output>
        </test-method> <!-- click_on_the_manage -->
        <test-method signature="click_on_the_add_new_community_note()[pri:5, instance:crossbrowser.CrossBrowserTest@194fad1]" started-at="2024-01-03T02:34:06 GMT-05:00" name="click_on_the_add_new_community_note" description="verify the community note" finished-at="2024-01-03T02:34:11 GMT-05:00" duration-ms="5093" status="PASS">
          <reporter-output>
          </reporter-output>
        </test-method> <!-- click_on_the_add_new_community_note -->
        <test-method signature="enter_the_note()[pri:6, instance:crossbrowser.CrossBrowserTest@194fad1]" started-at="2024-01-03T02:34:11 GMT-05:00" name="enter_the_note" description="verify the note textfield" finished-at="2024-01-03T02:34:13 GMT-05:00" duration-ms="2104" status="PASS">
          <reporter-output>
          </reporter-output>
        </test-method> <!-- enter_the_note -->
        <test-method signature="select_communities()[pri:7, instance:crossbrowser.CrossBrowserTest@194fad1]" started-at="2024-01-03T02:34:13 GMT-05:00" name="select_communities" description="verify the communities dropdown" finished-at="2024-01-03T02:34:13 GMT-05:00" duration-ms="199" status="PASS">
          <reporter-output>
          </reporter-output>
        </test-method> <!-- select_communities -->
        <test-method signature="choose_a_start_date()[pri:8, instance:crossbrowser.CrossBrowserTest@194fad1]" started-at="2024-01-03T02:34:13 GMT-05:00" name="choose_a_start_date" description="verify the start date" finished-at="2024-01-03T02:34:16 GMT-05:00" duration-ms="3133" status="PASS">
          <reporter-output>
          </reporter-output>
        </test-method> <!-- choose_a_start_date -->
        <test-method signature="choose_an_end_date()[pri:9, instance:crossbrowser.CrossBrowserTest@194fad1]" started-at="2024-01-03T02:34:16 GMT-05:00" name="choose_an_end_date" description="verify an end date" finished-at="2024-01-03T02:34:17 GMT-05:00" duration-ms="1117" status="FAIL">
          <exception class="org.openqa.selenium.ElementClickInterceptedException">
            <message>
              <![CDATA[element click intercepted: Element is not clickable at point (505, -50)
  (Session info: MicrosoftEdge=120.0.2210.91)
Build info: version: '4.16.0', revision: '15400459dd*'
System info: os.name: 'Windows 11', os.arch: 'amd64', os.version: '10.0', java.version: '17.0.7'
Driver info: org.openqa.selenium.edge.EdgeDriver
Command: [c5dc1585f536eecfc6efc9facb357c10, clickElement {id=F581450699DB4618DB30D433C338E216_element_67}]
Capabilities {acceptInsecureCerts: false, browserName: MicrosoftEdge, browserVersion: 120.0.2210.91, fedcm:accounts: true, ms:edgeOptions: {debuggerAddress: localhost:61154}, msedge: {msedgedriverVersion: 120.0.2210.91 (f469d579f138..., userDataDir: C:\Users\ANOOPK~1\AppData\L...}, networkConnectionEnabled: false, pageLoadStrategy: normal, platformName: windows, proxy: Proxy(), se:cdp: ws://localhost:61154/devtoo..., se:cdpVersion: 120.0.2210.91, setWindowRect: true, strictFileInteractability: false, timeouts: {implicit: 0, pageLoad: 300000, script: 30000}, unhandledPromptBehavior: dismiss and notify, webauthn:extension:credBlob: true, webauthn:extension:largeBlob: true, webauthn:extension:minPinLength: true, webauthn:extension:prf: true, webauthn:virtualAuthenticators: true}
Element: [[EdgeDriver: MicrosoftEdge on windows (c5dc1585f536eecfc6efc9facb357c10)] -> xpath: //input[@id='enddate']]
Session ID: c5dc1585f536eecfc6efc9facb357c10]]>
            </message>
            <full-stacktrace>
              <![CDATA[org.openqa.selenium.ElementClickInterceptedException: element click intercepted: Element is not clickable at point (505, -50)
  (Session info: MicrosoftEdge=120.0.2210.91)
Build info: version: '4.16.0', revision: '15400459dd*'
System info: os.name: 'Windows 11', os.arch: 'amd64', os.version: '10.0', java.version: '17.0.7'
Driver info: org.openqa.selenium.edge.EdgeDriver
Command: [c5dc1585f536eecfc6efc9facb357c10, clickElement {id=F581450699DB4618DB30D433C338E216_element_67}]
Capabilities {acceptInsecureCerts: false, browserName: MicrosoftEdge, browserVersion: 120.0.2210.91, fedcm:accounts: true, ms:edgeOptions: {debuggerAddress: localhost:61154}, msedge: {msedgedriverVersion: 120.0.2210.91 (f469d579f138..., userDataDir: C:\Users\ANOOPK~1\AppData\L...}, networkConnectionEnabled: false, pageLoadStrategy: normal, platformName: windows, proxy: Proxy(), se:cdp: ws://localhost:61154/devtoo..., se:cdpVersion: 120.0.2210.91, setWindowRect: true, strictFileInteractability: false, timeouts: {implicit: 0, pageLoad: 300000, script: 30000}, unhandledPromptBehavior: dismiss and notify, webauthn:extension:credBlob: true, webauthn:extension:largeBlob: true, webauthn:extension:minPinLength: true, webauthn:extension:prf: true, webauthn:virtualAuthenticators: true}
Element: [[EdgeDriver: MicrosoftEdge on windows (c5dc1585f536eecfc6efc9facb357c10)] -> xpath: //input[@id='enddate']]
Session ID: c5dc1585f536eecfc6efc9facb357c10
at java.base/jdk.internal.reflect.NativeConstructorAccessorImpl.newInstance0(Native Method)
at java.base/jdk.internal.reflect.NativeConstructorAccessorImpl.newInstance(NativeConstructorAccessorImpl.java:77)
at java.base/jdk.internal.reflect.DelegatingConstructorAccessorImpl.newInstance(DelegatingConstructorAccessorImpl.java:45)
at java.base/java.lang.reflect.Constructor.newInstanceWithCaller(Constructor.java:499)
at java.base/java.lang.reflect.Constructor.newInstance(Constructor.java:480)
at org.openqa.selenium.remote.codec.w3c.W3CHttpResponseCodec.createException(W3CHttpResponseCodec.java:200)
at org.openqa.selenium.remote.codec.w3c.W3CHttpResponseCodec.decode(W3CHttpResponseCodec.java:133)
at org.openqa.selenium.remote.codec.w3c.W3CHttpResponseCodec.decode(W3CHttpResponseCodec.java:52)
at org.openqa.selenium.remote.HttpCommandExecutor.execute(HttpCommandExecutor.java:191)
at org.openqa.selenium.remote.service.DriverCommandExecutor.invokeExecute(DriverCommandExecutor.java:200)
at org.openqa.selenium.remote.service.DriverCommandExecutor.execute(DriverCommandExecutor.java:175)
at org.openqa.selenium.remote.RemoteWebDriver.execute(RemoteWebDriver.java:523)
at org.openqa.selenium.remote.RemoteWebElement.execute(RemoteWebElement.java:224)
at org.openqa.selenium.remote.RemoteWebElement.click(RemoteWebElement.java:77)
at crossbrowser.CrossBrowserTest.choose_an_end_date(CrossBrowserTest.java:185)
at java.base/jdk.internal.reflect.NativeMethodAccessorImpl.invoke0(Native Method)
at java.base/jdk.internal.reflect.NativeMethodAccessorImpl.invoke(NativeMethodAccessorImpl.java:77)
at java.base/jdk.internal.reflect.DelegatingMethodAccessorImpl.invoke(DelegatingMethodAccessorImpl.java:43)
at java.base/java.lang.reflect.Method.invoke(Method.java:568)
at org.testng.internal.invokers.MethodInvocationHelper.invokeMethod(MethodInvocationHelper.java:139)
at org.testng.internal.invokers.TestInvoker.invokeMethod(TestInvoker.java:677)
at org.testng.internal.invokers.TestInvoker.invokeTestMethod(TestInvoker.java:221)
at org.testng.internal.invokers.MethodRunner.runInSequence(MethodRunner.java:50)
at org.testng.internal.invokers.TestInvoker$MethodInvocationAgent.invoke(TestInvoker.java:969)
at org.testng.internal.invokers.TestInvoker.invokeTestMethods(TestInvoker.java:194)
at org.testng.internal.invokers.TestMethodWorker.invokeTestMethods(TestMethodWorker.java:148)
at org.testng.internal.invokers.TestMethodWorker.run(TestMethodWorker.java:128)
at java.base/java.util.ArrayList.forEach(ArrayList.java:1511)
at org.testng.TestRunner.privateRun(TestRunner.java:829)
at org.testng.TestRunner.run(TestRunner.java:602)
at org.testng.SuiteRunner.runTest(SuiteRunner.java:437)
at org.testng.SuiteRunner$SuiteWorker.run(SuiteRunner.java:475)
at org.testng.internal.thread.ThreadUtil.lambda$execute$0(ThreadUtil.java:58)
at java.base/java.util.concurrent.FutureTask.run(FutureTask.java:264)
at java.base/java.util.concurrent.ThreadPoolExecutor.runWorker(ThreadPoolExecutor.java:1136)
at java.base/java.util.concurrent.ThreadPoolExecutor$Worker.run(ThreadPoolExecutor.java:635)
at java.base/java.lang.Thread.run(Thread.java:833)
]]>
            </full-stacktrace>
          </exception> <!-- org.openqa.selenium.ElementClickInterceptedException -->
          <reporter-output>
          </reporter-output>
        </test-method> <!-- choose_an_end_date -->
        <test-method signature="click_on_the_save_button()[pri:10, instance:crossbrowser.CrossBrowserTest@194fad1]" started-at="2024-01-03T02:34:17 GMT-05:00" name="click_on_the_save_button" description="verify the save button" finished-at="2024-01-03T02:34:22 GMT-05:00" duration-ms="5099" status="PASS">
          <reporter-output>
          </reporter-output>
        </test-method> <!-- click_on_the_save_button -->
        <test-method signature="community_note_was_created_message_should_be_shown()[pri:11, instance:crossbrowser.CrossBrowserTest@194fad1]" started-at="2024-01-03T02:34:22 GMT-05:00" name="community_note_was_created_message_should_be_shown" description="validation message should be shown" finished-at="2024-01-03T02:34:22 GMT-05:00" duration-ms="22" status="PASS">
          <reporter-output>
          </reporter-output>
        </test-method> <!-- community_note_was_created_message_should_be_shown -->
        <test-method is-config="true" signature="endTest()[pri:0, instance:crossbrowser.CrossBrowserTest@194fad1]" started-at="2024-01-03T02:34:22 GMT-05:00" name="endTest" finished-at="2024-01-03T02:34:23 GMT-05:00" duration-ms="233" status="PASS">
          <reporter-output>
          </reporter-output>
        </test-method> <!-- endTest -->
      </class> <!-- crossbrowser.CrossBrowserTest -->
    </test> <!-- EdgeTest -->
  </suite> <!-- Suite -->
</testng-results>
