<?xml version="1.0" encoding="UTF-8"?>
<!-- Generated by org.testng.reporters.JUnitReportReporter -->
<testsuite hostname="DESKTOP-U8RHF1U" failures="1" tests="36" name="crossbrowser.CrossBrowserTest" time="225.899" errors="1" timestamp="2024-01-03T02:34:23 GMT-05:00" skipped="3">
  <testcase classname="crossbrowser.CrossBrowserTest" name="CINCHCCMlogin" time="38.427"/>
  <system-out/>
  <testcase classname="crossbrowser.CrossBrowserTest" name="CINCHCCMlogin" time="32.169"/>
  <system-out/>
  <testcase classname="crossbrowser.CrossBrowserTest" name="CINCHCCMlogin" time="25.655"/>
  <system-out/>
  <testcase classname="crossbrowser.CrossBrowserTest" name="click_on_the_login_button" time="5.154"/>
  <system-out/>
  <testcase classname="crossbrowser.CrossBrowserTest" name="click_on_the_login_button" time="5.412"/>
  <system-out/>
  <testcase classname="crossbrowser.CrossBrowserTest" name="click_on_the_login_button" time="5.261"/>
  <system-out/>
  <testcase classname="crossbrowser.CrossBrowserTest" name="Verify_the_Continue_Button" time="13.107"/>
  <system-out/>
  <testcase classname="crossbrowser.CrossBrowserTest" name="Verify_the_Continue_Button" time="13.132"/>
  <system-out/>
  <testcase classname="crossbrowser.CrossBrowserTest" name="Verify_the_Continue_Button" time="13.292"/>
  <system-out/>
  <testcase classname="crossbrowser.CrossBrowserTest" name="click_on_the_manage" time="6.260"/>
  <system-out/>
  <testcase classname="crossbrowser.CrossBrowserTest" name="click_on_the_manage" time="6.068"/>
  <system-out/>
  <testcase classname="crossbrowser.CrossBrowserTest" name="click_on_the_manage" time="6.092"/>
  <system-out/>
  <testcase classname="crossbrowser.CrossBrowserTest" name="click_on_the_add_new_community_note" time="5.246"/>
  <system-out/>
  <testcase classname="crossbrowser.CrossBrowserTest" name="click_on_the_add_new_community_note" time="5.069"/>
  <system-out/>
  <testcase classname="crossbrowser.CrossBrowserTest" name="click_on_the_add_new_community_note" time="5.093"/>
  <system-out/>
  <testcase classname="crossbrowser.CrossBrowserTest" name="enter_the_note" time="2.033"/>
  <system-out/>
  <testcase classname="crossbrowser.CrossBrowserTest" name="enter_the_note" time="2.104"/>
  <system-out/>
  <testcase classname="crossbrowser.CrossBrowserTest" name="enter_the_note" time="2.070"/>
  <system-out/>
  <testcase classname="crossbrowser.CrossBrowserTest" name="select_communities" time="0.199"/>
  <system-out/>
  <testcase classname="crossbrowser.CrossBrowserTest" name="select_communities" time="0.410"/>
  <system-out/>
  <testcase classname="crossbrowser.CrossBrowserTest" name="select_communities" time="0.209"/>
  <system-out/>
  <testcase classname="crossbrowser.CrossBrowserTest" name="choose_a_start_date" time="3.083"/>
  <system-out/>
  <testcase classname="crossbrowser.CrossBrowserTest" name="choose_a_start_date" time="3.133"/>
  <system-out/>
  <testcase classname="crossbrowser.CrossBrowserTest" name="choose_a_start_date" time="3.155"/>
  <system-out/>
  <testcase classname="crossbrowser.CrossBrowserTest" name="choose_an_end_date" time="6.307"/>
  <system-out/>
  <testcase classname="crossbrowser.CrossBrowserTest" name="choose_an_end_date" time="1.117">
    <error message="element click intercepted: Element is not clickable at point (505, -50)
  (Session info: MicrosoftEdge=120.0.2210.91)
Build info: version: &#039;4.16.0&#039;, revision: &#039;15400459dd*&#039;
System info: os.name: &#039;Windows 11&#039;, os.arch: &#039;amd64&#039;, os.version: &#039;10.0&#039;, java.version: &#039;17.0.7&#039;
Driver info: org.openqa.selenium.edge.EdgeDriver
Command: [c5dc1585f536eecfc6efc9facb357c10, clickElement {id=F581450699DB4618DB30D433C338E216_element_67}]
Capabilities {acceptInsecureCerts: false, browserName: MicrosoftEdge, browserVersion: 120.0.2210.91, fedcm:accounts: true, ms:edgeOptions: {debuggerAddress: localhost:61154}, msedge: {msedgedriverVersion: 120.0.2210.91 (f469d579f138..., userDataDir: C:\Users\ANOOPK~1\AppData\L...}, networkConnectionEnabled: false, pageLoadStrategy: normal, platformName: windows, proxy: Proxy(), se:cdp: ws://localhost:61154/devtoo..., se:cdpVersion: 120.0.2210.91, setWindowRect: true, strictFileInteractability: false, timeouts: {implicit: 0, pageLoad: 300000, script: 30000}, unhandledPromptBehavior: dismiss and notify, webauthn:extension:credBlob: true, webauthn:extension:largeBlob: true, webauthn:extension:minPinLength: true, webauthn:extension:prf: true, webauthn:virtualAuthenticators: true}
Element: [[EdgeDriver: MicrosoftEdge on windows (c5dc1585f536eecfc6efc9facb357c10)] -&gt; xpath: //input[@id=&#039;enddate&#039;]]
Session ID: c5dc1585f536eecfc6efc9facb357c10" type="org.openqa.selenium.ElementClickInterceptedException">
      <![CDATA[org.openqa.selenium.ElementClickInterceptedException: element click intercepted: Element is not clickable at point (505, -50)
  (Session info: MicrosoftEdge=120.0.2210.91)
Build info: version: '4.16.0', revision: '15400459dd*'
System info: os.name: 'Windows 11', os.arch: 'amd64', os.version: '10.0', java.version: '17.0.7'
Driver info: org.openqa.selenium.edge.EdgeDriver
Command: [c5dc1585f536eecfc6efc9facb357c10, clickElement {id=F581450699DB4618DB30D433C338E216_element_67}]
Capabilities {acceptInsecureCerts: false, browserName: MicrosoftEdge, browserVersion: 120.0.2210.91, fedcm:accounts: true, ms:edgeOptions: {debuggerAddress: localhost:61154}, msedge: {msedgedriverVersion: 120.0.2210.91 (f469d579f138..., userDataDir: C:\Users\ANOOPK~1\AppData\L...}, networkConnectionEnabled: false, pageLoadStrategy: normal, platformName: windows, proxy: Proxy(), se:cdp: ws://localhost:61154/devtoo..., se:cdpVersion: 120.0.2210.91, setWindowRect: true, strictFileInteractability: false, timeouts: {implicit: 0, pageLoad: 300000, script: 30000}, unhandledPromptBehavior: dismiss and notify, webauthn:extension:credBlob: true, webauthn:extension:largeBlob: true, webauthn:extension:minPinLength: true, webauthn:extension:prf: true, webauthn:virtualAuthenticators: true}
Element: [[EdgeDriver: MicrosoftEdge on windows (c5dc1585f536eecfc6efc9facb357c10)] -> xpath: //input[@id='enddate']]
Session ID: c5dc1585f536eecfc6efc9facb357c10
at java.base/jdk.internal.reflect.NativeConstructorAccessorImpl.newInstance0(Native Method)
at java.base/jdk.internal.reflect.NativeConstructorAccessorImpl.newInstance(NativeConstructorAccessorImpl.java:77)
at java.base/jdk.internal.reflect.DelegatingConstructorAccessorImpl.newInstance(DelegatingConstructorAccessorImpl.java:45)
at java.base/java.lang.reflect.Constructor.newInstanceWithCaller(Constructor.java:499)
at java.base/java.lang.reflect.Constructor.newInstance(Constructor.java:480)
at org.openqa.selenium.remote.codec.w3c.W3CHttpResponseCodec.createException(W3CHttpResponseCodec.java:200)
at org.openqa.selenium.remote.codec.w3c.W3CHttpResponseCodec.decode(W3CHttpResponseCodec.java:133)
at org.openqa.selenium.remote.codec.w3c.W3CHttpResponseCodec.decode(W3CHttpResponseCodec.java:52)
at org.openqa.selenium.remote.HttpCommandExecutor.execute(HttpCommandExecutor.java:191)
at org.openqa.selenium.remote.service.DriverCommandExecutor.invokeExecute(DriverCommandExecutor.java:200)
at org.openqa.selenium.remote.service.DriverCommandExecutor.execute(DriverCommandExecutor.java:175)
at org.openqa.selenium.remote.RemoteWebDriver.execute(RemoteWebDriver.java:523)
at org.openqa.selenium.remote.RemoteWebElement.execute(RemoteWebElement.java:224)
at org.openqa.selenium.remote.RemoteWebElement.click(RemoteWebElement.java:77)
at crossbrowser.CrossBrowserTest.choose_an_end_date(CrossBrowserTest.java:185)
at java.base/jdk.internal.reflect.NativeMethodAccessorImpl.invoke0(Native Method)
at java.base/jdk.internal.reflect.NativeMethodAccessorImpl.invoke(NativeMethodAccessorImpl.java:77)
at java.base/jdk.internal.reflect.DelegatingMethodAccessorImpl.invoke(DelegatingMethodAccessorImpl.java:43)
at java.base/java.lang.reflect.Method.invoke(Method.java:568)
at org.testng.internal.invokers.MethodInvocationHelper.invokeMethod(MethodInvocationHelper.java:139)
at org.testng.internal.invokers.TestInvoker.invokeMethod(TestInvoker.java:677)
at org.testng.internal.invokers.TestInvoker.invokeTestMethod(TestInvoker.java:221)
at org.testng.internal.invokers.MethodRunner.runInSequence(MethodRunner.java:50)
at org.testng.internal.invokers.TestInvoker$MethodInvocationAgent.invoke(TestInvoker.java:969)
at org.testng.internal.invokers.TestInvoker.invokeTestMethods(TestInvoker.java:194)
at org.testng.internal.invokers.TestMethodWorker.invokeTestMethods(TestMethodWorker.java:148)
at org.testng.internal.invokers.TestMethodWorker.run(TestMethodWorker.java:128)
at java.base/java.util.ArrayList.forEach(ArrayList.java:1511)
at org.testng.TestRunner.privateRun(TestRunner.java:829)
at org.testng.TestRunner.run(TestRunner.java:602)
at org.testng.SuiteRunner.runTest(SuiteRunner.java:437)
at org.testng.SuiteRunner$SuiteWorker.run(SuiteRunner.java:475)
at org.testng.internal.thread.ThreadUtil.lambda$execute$0(ThreadUtil.java:58)
at java.base/java.util.concurrent.FutureTask.run(FutureTask.java:264)
at java.base/java.util.concurrent.ThreadPoolExecutor.runWorker(ThreadPoolExecutor.java:1136)
at java.base/java.util.concurrent.ThreadPoolExecutor$Worker.run(ThreadPoolExecutor.java:635)
at java.base/java.lang.Thread.run(Thread.java:833)
]]>
    </error>
  </testcase> <!-- choose_an_end_date -->
  <system-out/>
  <testcase classname="crossbrowser.CrossBrowserTest" name="choose_an_end_date" time="6.339"/>
  <system-out/>
  <testcase classname="crossbrowser.CrossBrowserTest" name="click_on_the_save_button" time="5.126"/>
  <system-out/>
  <testcase classname="crossbrowser.CrossBrowserTest" name="click_on_the_save_button" time="5.099"/>
  <system-out/>
  <testcase classname="crossbrowser.CrossBrowserTest" name="click_on_the_save_button" time="0.013"/>
  <system-out/>
  <testcase classname="crossbrowser.CrossBrowserTest" name="community_note_was_created_message_should_be_shown" time="0.022"/>
  <system-out/>
  <testcase classname="crossbrowser.CrossBrowserTest" name="community_note_was_created_message_should_be_shown" time="0.007"/>
  <system-out/>
  <testcase classname="crossbrowser.CrossBrowserTest" name="community_note_was_created_message_should_be_shown" time="0.036">
    <failure message="Community Note was created. expected [Community Note was created.] but found [Community note]" type="java.lang.AssertionError">
      <![CDATA[java.lang.AssertionError: Community Note was created. expected [Community Note was created.] but found [Community note]
at org.testng.Assert.fail(Assert.java:110)
at org.testng.Assert.failNotEquals(Assert.java:1577)
at org.testng.Assert.assertEqualsImpl(Assert.java:149)
at org.testng.Assert.assertEquals(Assert.java:131)
at org.testng.Assert.assertEquals(Assert.java:655)
at crossbrowser.CrossBrowserTest.community_note_was_created_message_should_be_shown(CrossBrowserTest.java:223)
at java.base/jdk.internal.reflect.NativeMethodAccessorImpl.invoke0(Native Method)
at java.base/jdk.internal.reflect.NativeMethodAccessorImpl.invoke(NativeMethodAccessorImpl.java:77)
at java.base/jdk.internal.reflect.DelegatingMethodAccessorImpl.invoke(DelegatingMethodAccessorImpl.java:43)
at java.base/java.lang.reflect.Method.invoke(Method.java:568)
at org.testng.internal.invokers.MethodInvocationHelper.invokeMethod(MethodInvocationHelper.java:139)
at org.testng.internal.invokers.TestInvoker.invokeMethod(TestInvoker.java:677)
at org.testng.internal.invokers.TestInvoker.invokeTestMethod(TestInvoker.java:221)
at org.testng.internal.invokers.MethodRunner.runInSequence(MethodRunner.java:50)
at org.testng.internal.invokers.TestInvoker$MethodInvocationAgent.invoke(TestInvoker.java:969)
at org.testng.internal.invokers.TestInvoker.invokeTestMethods(TestInvoker.java:194)
at org.testng.internal.invokers.TestMethodWorker.invokeTestMethods(TestMethodWorker.java:148)
at org.testng.internal.invokers.TestMethodWorker.run(TestMethodWorker.java:128)
at java.base/java.util.ArrayList.forEach(ArrayList.java:1511)
at org.testng.TestRunner.privateRun(TestRunner.java:829)
at org.testng.TestRunner.run(TestRunner.java:602)
at org.testng.SuiteRunner.runTest(SuiteRunner.java:437)
at org.testng.SuiteRunner$SuiteWorker.run(SuiteRunner.java:475)
at org.testng.internal.thread.ThreadUtil.lambda$execute$0(ThreadUtil.java:58)
at java.base/java.util.concurrent.FutureTask.run(FutureTask.java:264)
at java.base/java.util.concurrent.ThreadPoolExecutor.runWorker(ThreadPoolExecutor.java:1136)
at java.base/java.util.concurrent.ThreadPoolExecutor$Worker.run(ThreadPoolExecutor.java:635)
at java.base/java.lang.Thread.run(Thread.java:833)
]]>
    </failure>
  </testcase> <!-- community_note_was_created_message_should_be_shown -->
  <system-out/>
  <testcase classname="crossbrowser.CrossBrowserTest" name="Verify_the_Dropdown_and_select_the_Test_Community">
    <skipped/>
  </testcase> <!-- Verify_the_Dropdown_and_select_the_Test_Community -->
  <system-out/>
  <testcase classname="crossbrowser.CrossBrowserTest" name="Verify_the_Dropdown_and_select_the_Test_Community">
    <skipped/>
  </testcase> <!-- Verify_the_Dropdown_and_select_the_Test_Community -->
  <system-out/>
  <testcase classname="crossbrowser.CrossBrowserTest" name="Verify_the_Dropdown_and_select_the_Test_Community">
    <skipped/>
  </testcase> <!-- Verify_the_Dropdown_and_select_the_Test_Community -->
  <system-out/>
</testsuite> <!-- crossbrowser.CrossBrowserTest -->
